<?xml version="1.0" encoding="UTF-8"?>
<coverage generated="1736573743187" clover="3.2.0">
  <project timestamp="1736573743187" name="All files">
    <metrics statements="5" coveredstatements="3" conditionals="0" coveredconditionals="0" methods="2" coveredmethods="1" elements="7" coveredelements="4" complexity="0" loc="5" ncloc="5" packages="1" files="1" classes="1"/>
    <file name="date.ts" path="/Users/juandardilag/Library/CloudStorage/GoogleDrive-juan.d.ardila.g@gmail.com/My Drive/Obsidian/PluginDev/.obsidian/plugins/obsidian-sample-plugin/src/utils/date.ts">
      <metrics statements="5" coveredstatements="3" conditionals="0" coveredconditionals="0" methods="2" coveredmethods="1"/>
      <line num="1" count="1" type="stmt"/>
      <line num="2" count="0" type="stmt"/>
      <line num="3" count="0" type="stmt"/>
      <line num="6" count="1" type="stmt"/>
      <line num="7" count="1" type="stmt"/>
    </file>
  </project>
</coverage>
