{"/Users/juandardilag/Library/CloudStorage/GoogleDrive-juan.d.ardila.g@gmail.com/My Drive/Obsidian/PluginDev/.obsidian/plugins/obsidian-sample-plugin/src/utils/date.ts": {"path":"/Users/juandardilag/Library/CloudStorage/GoogleDrive-juan.d.ardila.g@gmail.com/My Drive/Obsidian/PluginDev/.obsidian/plugins/obsidian-sample-plugin/src/utils/date.ts","statementMap":{"0":{"start":{"line":2,"column":28},"end":{"line":2,"column":61}},"1":{"start":{"line":3,"column":1},"end":{"line":3,"column":39}},"2":{"start":{"line":1,"column":0},"end":{"line":1,"column":16}},"3":{"start":{"line":7,"column":1},"end":{"line":7,"column":42}},"4":{"start":{"line":6,"column":0},"end":{"line":6,"column":16}}},"fnMap":{"0":{"name":"dateStringToDate","decl":{"start":{"line":1,"column":16},"end":{"line":1,"column":32}},"loc":{"start":{"line":1,"column":51},"end":{"line":4,"column":1}}},"1":{"name":"getLastDayOfMonth","decl":{"start":{"line":6,"column":16},"end":{"line":6,"column":33}},"loc":{"start":{"line":6,"column":66},"end":{"line":8,"column":1}}}},"branchMap":{},"s":{"0":0,"1":0,"2":1,"3":1,"4":1},"f":{"0":0,"1":1},"b":{}}
}
